TN:
SF:src\app.ts
FNF:0
FNH:0
DA:1,1
DA:2,1
DA:3,1
DA:4,1
DA:5,1
DA:6,1
DA:7,1
DA:8,1
DA:9,1
DA:10,1
DA:11,1
DA:12,1
DA:13,1
DA:14,1
DA:15,1
DA:16,1
DA:17,1
DA:18,1
LF:18
LH:18
BRDA:16,0,0,1
BRF:1
BRH:1
end_of_record
TN:
SF:src\clients\bcbParticipants.client.ts
FN:10,fetchParticipantsFromPdf
FN:48,parseParticipantsFromText
FNF:2
FNH:2
FNDA:1,fetchParticipantsFromPdf
FNDA:1,parseParticipantsFromText
DA:1,1
DA:2,1
DA:3,1
DA:4,1
DA:5,1
DA:6,1
DA:7,1
DA:8,1
DA:9,1
DA:10,1
DA:11,1
DA:12,1
DA:13,1
DA:14,1
DA:15,1
DA:16,1
DA:17,1
DA:18,1
DA:19,1
DA:20,1
DA:21,1
DA:22,1
DA:23,1
DA:24,1
DA:25,1
DA:26,1
DA:27,1
DA:28,1
DA:29,1
DA:30,1
DA:31,1
DA:32,1
DA:33,1
DA:34,1
DA:35,1
DA:36,1
DA:37,1
DA:38,1
DA:39,1
DA:40,1
DA:41,1
DA:42,1
DA:43,1
DA:44,1
DA:45,1
DA:46,1
DA:47,1
DA:48,1
DA:49,1
DA:50,1
DA:51,1
DA:52,1
DA:53,1
DA:54,1
DA:55,1
DA:56,1
DA:57,1
DA:58,1
DA:59,11321
DA:60,11321
DA:61,11321
DA:62,11321
DA:63,10398
DA:64,10398
DA:65,923
DA:66,923
DA:67,923
DA:68,11321
DA:69,11321
DA:70,11321
DA:71,11321
DA:72,11321
DA:73,11321
DA:74,11321
DA:75,11321
DA:76,11321
DA:77,11321
DA:78,11321
DA:79,11321
DA:80,11321
DA:81,11321
DA:82,11321
DA:83,11321
DA:84,1
DA:85,1
DA:86,1
DA:87,1
LF:87
LH:87
BRDA:10,0,0,1
BRDA:32,1,0,0
BRDA:48,2,0,1
BRDA:58,3,0,11321
BRDA:62,4,0,10398
BRDA:65,5,0,923
BRDA:68,6,0,0
BRDA:69,7,0,0
BRDA:53,8,0,11360
BRF:9
BRH:6
end_of_record
TN:
SF:src\config\swagger.ts
FNF:0
FNH:0
DA:1,1
DA:2,1
DA:3,1
DA:4,1
DA:5,1
DA:6,1
DA:7,1
DA:8,1
DA:9,1
DA:10,1
DA:11,1
DA:12,1
DA:13,1
LF:13
LH:13
BRF:0
BRH:0
end_of_record
TN:
SF:src\controllers\pixParticipants.controller.ts
FN:94,getParticipantByIspb
FNF:1
FNH:1
FNDA:6,getParticipantByIspb
DA:1,1
DA:2,1
DA:3,1
DA:4,1
DA:5,1
DA:6,1
DA:7,1
DA:8,1
DA:9,1
DA:10,1
DA:11,1
DA:12,1
DA:13,1
DA:14,1
DA:15,1
DA:16,1
DA:17,1
DA:18,1
DA:19,1
DA:20,1
DA:21,1
DA:22,1
DA:23,1
DA:24,1
DA:25,1
DA:26,1
DA:27,1
DA:28,1
DA:29,1
DA:30,1
DA:31,1
DA:32,1
DA:33,1
DA:34,1
DA:35,1
DA:36,1
DA:37,1
DA:38,1
DA:39,1
DA:40,1
DA:41,1
DA:42,1
DA:43,1
DA:44,1
DA:45,1
DA:46,1
DA:47,1
DA:48,1
DA:49,1
DA:50,1
DA:51,1
DA:52,1
DA:53,1
DA:54,1
DA:55,1
DA:56,1
DA:57,1
DA:58,1
DA:59,1
DA:60,1
DA:61,1
DA:62,1
DA:63,1
DA:64,1
DA:65,1
DA:66,1
DA:67,1
DA:68,1
DA:69,1
DA:70,1
DA:71,1
DA:72,1
DA:73,1
DA:74,1
DA:75,1
DA:76,1
DA:77,1
DA:78,1
DA:79,1
DA:80,1
DA:81,1
DA:82,1
DA:83,1
DA:84,1
DA:85,1
DA:86,1
DA:87,1
DA:88,1
DA:89,1
DA:90,1
DA:91,1
DA:92,1
DA:93,1
DA:94,1
DA:95,6
DA:96,6
DA:97,6
DA:98,6
DA:99,6
DA:100,1
DA:101,1
DA:102,1
DA:103,1
DA:104,5
DA:105,5
DA:106,5
DA:107,5
DA:108,5
DA:109,2
DA:110,2
DA:111,2
DA:112,2
DA:113,2
DA:114,3
DA:115,3
DA:116,3
DA:117,6
DA:118,0
DA:119,0
DA:120,0
DA:121,0
DA:122,0
DA:123,6
LF:123
LH:118
BRDA:94,0,0,6
BRDA:99,1,0,1
BRDA:101,2,0,0
BRDA:104,3,0,5
BRDA:108,4,0,2
BRDA:114,5,0,3
BRDA:117,6,0,0
BRF:7
BRH:5
end_of_record
TN:
SF:src\routes\pix.routes.ts
FNF:0
FNH:0
DA:1,1
DA:2,1
DA:3,1
DA:4,1
DA:5,1
DA:6,1
LF:6
LH:6
BRF:0
BRH:0
end_of_record
TN:
SF:src\services\pixParticipants.service.ts
FN:5,PixParticipantsService
FN:11,findByIspb
FN:35,loadOnce
FNF:3
FNH:3
FNDA:2,PixParticipantsService
FNDA:5,findByIspb
FNDA:2,loadOnce
DA:1,1
DA:2,1
DA:3,1
DA:4,1
DA:5,2
DA:6,2
DA:7,2
DA:8,2
DA:9,2
DA:10,2
DA:11,2
DA:12,5
DA:13,5
DA:14,5
DA:15,5
DA:16,5
DA:17,5
DA:18,2
DA:19,2
DA:20,2
DA:21,5
DA:22,5
DA:23,5
DA:24,5
DA:25,3
DA:26,4
DA:27,2
DA:28,2
DA:29,5
DA:30,5
DA:31,5
DA:32,5
DA:33,2
DA:34,2
DA:35,2
DA:36,2
DA:37,2
DA:38,2
DA:39,2
DA:40,2
DA:41,2
DA:42,2
DA:43,2
DA:44,2
DA:45,2
DA:46,2
DA:47,2
DA:48,2
DA:49,2
DA:50,2
DA:51,2
DA:52,2
DA:53,2
DA:54,924
DA:55,924
DA:56,924
DA:57,2
DA:58,2
DA:59,2
DA:60,2
DA:61,2
DA:62,2
DA:63,2
DA:64,2
DA:65,2
DA:66,2
DA:67,2
DA:68,0
DA:69,0
DA:70,0
DA:71,0
DA:72,0
DA:73,0
DA:74,0
DA:75,2
DA:76,2
LF:76
LH:69
BRDA:5,0,0,2
BRDA:11,1,0,5
BRDA:17,2,0,2
BRDA:24,3,0,4
BRDA:24,4,0,3
BRDA:26,5,0,2
BRDA:31,6,0,2
BRDA:35,7,0,2
BRDA:53,8,0,924
BRDA:67,9,0,0
BRF:10
BRH:9
end_of_record
TN:
SF:src\utils\normalizeIspb.ts
FN:1,normalizeIspb
FNF:1
FNH:1
FNDA:11,normalizeIspb
DA:1,11
DA:2,11
DA:3,11
DA:4,11
DA:5,11
DA:6,3
DA:7,3
DA:8,8
DA:9,8
DA:10,8
LF:10
LH:10
BRDA:1,0,0,11
BRDA:2,1,0,0
BRDA:5,2,0,3
BRDA:8,3,0,8
BRF:4
BRH:3
end_of_record
TN:
SF:src\utils\resolvePdfUrl.ts
FN:3,buildPdfUrl
FN:7,formatDate
FN:14,resolvePdfUrl
FNF:3
FNH:3
FNDA:4,buildPdfUrl
FNDA:4,formatDate
FNDA:2,resolvePdfUrl
DA:1,1
DA:2,1
DA:3,4
DA:4,4
DA:5,4
DA:6,1
DA:7,4
DA:8,4
DA:9,4
DA:10,4
DA:11,4
DA:12,4
DA:13,1
DA:14,1
DA:15,2
DA:16,2
DA:17,2
DA:18,2
DA:19,2
DA:20,2
DA:21,4
DA:22,4
DA:23,4
DA:24,4
DA:25,4
DA:26,4
DA:27,4
DA:28,4
DA:29,4
DA:30,4
DA:31,4
DA:32,4
DA:33,2
DA:34,2
DA:35,2
DA:36,2
DA:37,2
DA:38,2
DA:39,2
DA:40,4
DA:41,0
DA:42,0
DA:43,0
LF:43
LH:40
BRDA:3,0,0,4
BRDA:7,1,0,4
BRDA:14,2,0,2
BRDA:20,3,0,4
BRDA:33,4,0,2
BRDA:41,5,0,0
BRF:6
BRH:5
end_of_record
