TN:
SF:src\app.ts
FNF:0
FNH:0
DA:1,1
DA:2,1
DA:3,1
DA:4,1
DA:5,1
DA:6,1
DA:7,1
DA:8,1
DA:9,1
DA:10,1
DA:11,1
DA:12,1
DA:13,1
DA:14,1
DA:15,1
DA:16,1
DA:17,1
DA:18,1
LF:18
LH:18
BRDA:16,0,0,1
BRF:1
BRH:1
end_of_record
TN:
SF:src\clients\bcbParticipants.client.ts
FN:10,fetchParticipantsFromPdf
FN:48,parseParticipantsFromText
FNF:2
FNH:2
FNDA:1,fetchParticipantsFromPdf
FNDA:1,parseParticipantsFromText
DA:1,1
DA:2,1
DA:3,1
DA:4,1
DA:5,1
DA:6,1
DA:7,1
DA:8,1
DA:9,1
DA:10,1
DA:11,1
DA:12,1
DA:13,1
DA:14,1
DA:15,1
DA:16,1
DA:17,1
DA:18,1
DA:19,1
DA:20,1
DA:21,1
DA:22,1
DA:23,1
DA:24,1
DA:25,1
DA:26,1
DA:27,1
DA:28,1
DA:29,1
DA:30,1
DA:31,1
DA:32,1
DA:33,1
DA:34,1
DA:35,1
DA:36,1
DA:37,1
DA:38,1
DA:39,1
DA:40,1
DA:41,1
DA:42,1
DA:43,1
DA:44,1
DA:45,1
DA:46,1
DA:47,1
DA:48,1
DA:49,1
DA:50,1
DA:51,1
DA:52,1
DA:53,1
DA:54,1
DA:55,1
DA:56,1
DA:57,1
DA:58,1
DA:59,11321
DA:60,11321
DA:61,11321
DA:62,11321
DA:63,10398
DA:64,10398
DA:65,923
DA:66,923
DA:67,923
DA:68,11321
DA:69,11321
DA:70,11321
DA:71,11321
DA:72,11321
DA:73,11321
DA:74,11321
DA:75,11321
DA:76,11321
DA:77,11321
DA:78,11321
DA:79,11321
DA:80,11321
DA:81,11321
DA:82,11321
DA:83,11321
DA:84,1
DA:85,1
DA:86,1
DA:87,1
LF:87
LH:87
BRDA:10,0,0,1
BRDA:32,1,0,0
BRDA:48,2,0,1
BRDA:58,3,0,11321
BRDA:62,4,0,10398
BRDA:65,5,0,923
BRDA:68,6,0,0
BRDA:69,7,0,0
BRDA:53,8,0,11360
BRF:9
BRH:6
end_of_record
TN:
SF:src\config\swagger.ts
FNF:0
FNH:0
DA:1,1
DA:2,1
DA:3,1
DA:4,1
DA:5,1
DA:6,1
DA:7,1
DA:8,1
DA:9,1
DA:10,1
DA:11,1
DA:12,1
DA:13,1
LF:13
LH:13
BRF:0
BRH:0
end_of_record
TN:
SF:src\controllers\pixParticipants.controller.ts
FN:94,getParticipantByIspb
FNF:1
FNH:1
FNDA:9,getParticipantByIspb
DA:1,1
DA:2,1
DA:3,1
DA:4,1
DA:5,1
DA:6,1
DA:7,1
DA:8,1
DA:9,1
DA:10,1
DA:11,1
DA:12,1
DA:13,1
DA:14,1
DA:15,1
DA:16,1
DA:17,1
DA:18,1
DA:19,1
DA:20,1
DA:21,1
DA:22,1
DA:23,1
DA:24,1
DA:25,1
DA:26,1
DA:27,1
DA:28,1
DA:29,1
DA:30,1
DA:31,1
DA:32,1
DA:33,1
DA:34,1
DA:35,1
DA:36,1
DA:37,1
DA:38,1
DA:39,1
DA:40,1
DA:41,1
DA:42,1
DA:43,1
DA:44,1
DA:45,1
DA:46,1
DA:47,1
DA:48,1
DA:49,1
DA:50,1
DA:51,1
DA:52,1
DA:53,1
DA:54,1
DA:55,1
DA:56,1
DA:57,1
DA:58,1
DA:59,1
DA:60,1
DA:61,1
DA:62,1
DA:63,1
DA:64,1
DA:65,1
DA:66,1
DA:67,1
DA:68,1
DA:69,1
DA:70,1
DA:71,1
DA:72,1
DA:73,1
DA:74,1
DA:75,1
DA:76,1
DA:77,1
DA:78,1
DA:79,1
DA:80,1
DA:81,1
DA:82,1
DA:83,1
DA:84,1
DA:85,1
DA:86,1
DA:87,1
DA:88,1
DA:89,1
DA:90,1
DA:91,1
DA:92,1
DA:93,1
DA:94,1
DA:95,9
DA:96,9
DA:97,9
DA:98,9
DA:99,9
DA:100,2
DA:101,2
DA:102,2
DA:103,2
DA:104,7
DA:105,7
DA:106,7
DA:107,7
DA:108,9
DA:109,1
DA:110,1
DA:111,1
DA:112,1
DA:113,1
DA:114,6
DA:115,6
DA:116,6
DA:117,9
DA:118,0
DA:119,0
DA:120,0
DA:121,0
DA:122,0
DA:123,9
LF:123
LH:118
BRDA:94,0,0,9
BRDA:99,1,0,2
BRDA:101,2,0,0
BRDA:104,3,0,7
BRDA:108,4,0,1
BRDA:114,5,0,6
BRDA:117,6,0,0
BRF:7
BRH:5
end_of_record
TN:
SF:src\routes\pix.routes.ts
FNF:0
FNH:0
DA:1,1
DA:2,1
DA:3,1
DA:4,1
DA:5,1
DA:6,1
LF:6
LH:6
BRF:0
BRH:0
end_of_record
TN:
SF:src\services\pixParticipants.service.ts
FN:5,PixParticipantsService
FN:11,findByIspb
FN:35,loadOnce
FNF:3
FNH:3
FNDA:1,PixParticipantsService
FNDA:7,findByIspb
FNDA:1,loadOnce
DA:1,1
DA:2,1
DA:3,1
DA:4,1
DA:5,1
DA:6,1
DA:7,1
DA:8,1
DA:9,1
DA:10,1
DA:11,1
DA:12,7
DA:13,7
DA:14,7
DA:15,7
DA:16,7
DA:17,7
DA:18,1
DA:19,1
DA:20,1
DA:21,7
DA:22,7
DA:23,7
DA:24,7
DA:25,6
DA:26,7
DA:27,1
DA:28,1
DA:29,7
DA:30,7
DA:31,7
DA:32,7
DA:33,1
DA:34,1
DA:35,1
DA:36,1
DA:37,1
DA:38,1
DA:39,1
DA:40,1
DA:41,1
DA:42,1
DA:43,1
DA:44,1
DA:45,1
DA:46,1
DA:47,1
DA:48,1
DA:49,1
DA:50,1
DA:51,1
DA:52,1
DA:53,1
DA:54,923
DA:55,923
DA:56,923
DA:57,1
DA:58,1
DA:59,1
DA:60,1
DA:61,1
DA:62,1
DA:63,1
DA:64,1
DA:65,1
DA:66,1
DA:67,1
DA:68,0
DA:69,0
DA:70,0
DA:71,0
DA:72,0
DA:73,0
DA:74,0
DA:75,1
DA:76,1
LF:76
LH:69
BRDA:5,0,0,1
BRDA:11,1,0,7
BRDA:17,2,0,1
BRDA:24,3,0,6
BRDA:26,4,0,1
BRDA:31,5,0,1
BRDA:35,6,0,1
BRDA:53,7,0,923
BRDA:67,8,0,0
BRF:9
BRH:8
end_of_record
TN:
SF:src\utils\normalizeIspb.ts
FN:1,normalizeIspb
FNF:1
FNH:1
FNDA:14,normalizeIspb
DA:1,14
DA:2,14
DA:3,14
DA:4,14
DA:5,14
DA:6,4
DA:7,4
DA:8,10
DA:9,10
DA:10,10
LF:10
LH:10
BRDA:1,0,0,14
BRDA:2,1,0,0
BRDA:5,2,0,4
BRDA:8,3,0,10
BRF:4
BRH:3
end_of_record
TN:
SF:src\utils\resolvePdfUrl.ts
FN:3,buildPdfUrl
FN:7,formatDate
FN:14,resolvePdfUrl
FNF:3
FNH:3
FNDA:1,buildPdfUrl
FNDA:1,formatDate
FNDA:1,resolvePdfUrl
DA:1,1
DA:2,1
DA:3,1
DA:4,1
DA:5,1
DA:6,1
DA:7,1
DA:8,1
DA:9,1
DA:10,1
DA:11,1
DA:12,1
DA:13,1
DA:14,1
DA:15,1
DA:16,1
DA:17,1
DA:18,1
DA:19,1
DA:20,1
DA:21,1
DA:22,1
DA:23,1
DA:24,1
DA:25,1
DA:26,1
DA:27,1
DA:28,1
DA:29,1
DA:30,1
DA:31,1
DA:32,1
DA:33,1
DA:34,1
DA:35,1
DA:36,1
DA:37,1
DA:38,0
DA:39,0
DA:40,1
DA:41,0
DA:42,0
DA:43,0
LF:43
LH:38
BRDA:3,0,0,1
BRDA:7,1,0,1
BRDA:14,2,0,1
BRDA:37,3,0,0
BRDA:41,4,0,0
BRF:5
BRH:3
end_of_record
